<?xml version="1.0" encoding="UTF-8"?>
<!-- Generated by org.testng.reporters.JUnitReportReporter -->
<testsuite hostname="ojas-dl674" failures="0" tests="1" name="com.qa.task.ToolesQAApplicationTest" time="15.678" errors="0" timestamp="2022-12-02T09:47:38 IST" skipped="0">
  <testcase classname="com.qa.task.ToolesQAApplicationTest" name="test2" time="15.678"/>
  <system-out>
    <![CDATA[Scrolled Successfully
Submitted Successfully]]>
  </system-out>
</testsuite> <!-- com.qa.task.ToolesQAApplicationTest -->
