<?xml version="1.0" encoding="UTF-8"?>
<!-- Generated by org.testng.reporters.JUnitReportReporter -->
<testsuite hostname="ojas-dl674" failures="0" tests="1" name="com.qa.java.demoqa.ToolsQATest" time="7.598" errors="0" timestamp="2022-11-23T16:23:39 IST" skipped="0">
  <testcase classname="com.qa.java.demoqa.ToolsQATest" name="test2" time="7.598"/>
  <system-out/>
</testsuite> <!-- com.qa.java.demoqa.ToolsQATest -->
