<?xml version="1.0" encoding="UTF-8"?>
<!-- Generated by org.testng.reporters.JUnitReportReporter -->
<testsuite hostname="ojas-dl674" failures="0" tests="1" name="com.qa.java.demoqa.ToolsQATest" time="10.969" errors="0" timestamp="2022-12-01T10:02:37 IST" skipped="0">
  <testcase classname="com.qa.java.demoqa.ToolsQATest" name="OrangeHRM" time="10.969"/>
  <system-out/>
</testsuite> <!-- com.qa.java.demoqa.ToolsQATest -->
